\BOOKMARK [0][-]{Doc-Start}{\376\377\000A\000b\000s\000t\000r\000a\000c\000t}{}% 1
\BOOKMARK [0][-]{chapter.1}{\376\377\000I\000n\000t\000r\000o\000d\000u\000c\000t\000i\000o\000n}{}% 2
\BOOKMARK [1][-]{section.1.1}{\376\377\000M\000o\000t\000i\000v\000a\000t\000i\000o\000n}{chapter.1}% 3
\BOOKMARK [1][-]{section.1.2}{\376\377\000P\000r\000o\000b\000l\000e\000m\000\040\000S\000t\000a\000t\000e\000m\000e\000n\000t}{chapter.1}% 4
\BOOKMARK [1][-]{section.1.3}{\376\377\000C\000o\000n\000t\000r\000i\000b\000u\000t\000i\000o\000n\000s}{chapter.1}% 5
\BOOKMARK [2][-]{subsection.1.3.1}{\376\377\000T\000h\000e\000o\000r\000e\000t\000i\000c\000a\000l\000\040\000C\000o\000n\000t\000r\000i\000b\000u\000t\000i\000o\000n\000s}{section.1.3}% 6
\BOOKMARK [2][-]{subsection.1.3.2}{\376\377\000P\000r\000a\000c\000t\000i\000c\000a\000l\000\040\000C\000o\000n\000t\000r\000i\000b\000u\000t\000i\000o\000n\000s}{section.1.3}% 7
\BOOKMARK [2][-]{subsection.1.3.3}{\376\377\000M\000e\000t\000h\000o\000d\000o\000l\000o\000g\000i\000c\000a\000l\000\040\000C\000o\000n\000t\000r\000i\000b\000u\000t\000i\000o\000n\000s}{section.1.3}% 8
\BOOKMARK [1][-]{section.1.4}{\376\377\000T\000h\000e\000s\000i\000s\000\040\000O\000u\000t\000l\000i\000n\000e}{chapter.1}% 9
\BOOKMARK [0][-]{chapter.2}{\376\377\000B\000a\000c\000k\000g\000r\000o\000u\000n\000d}{}% 10
\BOOKMARK [1][-]{section.2.1}{\376\377\000T\000h\000e\000\040\000A\000c\000t\000o\000r\000\040\000M\000o\000d\000e\000l}{chapter.2}% 11
\BOOKMARK [2][-]{subsection.2.1.1}{\376\377\000T\000h\000e\000o\000r\000e\000t\000i\000c\000a\000l\000\040\000F\000o\000u\000n\000d\000a\000t\000i\000o\000n\000s}{section.2.1}% 12
\BOOKMARK [2][-]{subsection.2.1.2}{\376\377\000A\000c\000t\000o\000r\000\040\000S\000e\000m\000a\000n\000t\000i\000c\000s}{section.2.1}% 13
\BOOKMARK [1][-]{section.2.2}{\376\377\000E\000r\000l\000a\000n\000g\000/\000O\000T\000P\000:\000\040\000I\000n\000d\000u\000s\000t\000r\000i\000a\000l\000\040\000A\000c\000t\000o\000r\000\040\000I\000m\000p\000l\000e\000m\000e\000n\000t\000a\000t\000i\000o\000n}{chapter.2}% 14
\BOOKMARK [2][-]{subsection.2.2.1}{\376\377\000K\000e\000y\000\040\000C\000h\000a\000r\000a\000c\000t\000e\000r\000i\000s\000t\000i\000c\000s}{section.2.2}% 15
\BOOKMARK [2][-]{subsection.2.2.2}{\376\377\000P\000r\000o\000d\000u\000c\000t\000i\000o\000n\000\040\000S\000u\000c\000c\000e\000s\000s\000\040\000S\000t\000o\000r\000i\000e\000s}{section.2.2}% 16
\BOOKMARK [1][-]{section.2.3}{\376\377\000E\000f\000f\000e\000c\000t\000\040\000H\000a\000n\000d\000l\000e\000r\000s}{chapter.2}% 17
\BOOKMARK [2][-]{subsection.2.3.1}{\376\377\000T\000h\000e\000o\000r\000e\000t\000i\000c\000a\000l\000\040\000F\000o\000u\000n\000d\000a\000t\000i\000o\000n}{section.2.3}% 18
\BOOKMARK [2][-]{subsection.2.3.2}{\376\377\000O\000C\000a\000m\000l\000\040\0005\000\040\000I\000m\000p\000l\000e\000m\000e\000n\000t\000a\000t\000i\000o\000n}{section.2.3}% 19
\BOOKMARK [2][-]{subsection.2.3.3}{\376\377\000W\000h\000y\000\040\000E\000f\000f\000e\000c\000t\000\040\000H\000a\000n\000d\000l\000e\000r\000s\000\040\000E\000n\000a\000b\000l\000e\000\040\000A\000c\000t\000o\000r\000s}{section.2.3}% 20
\BOOKMARK [1][-]{section.2.4}{\376\377\000R\000e\000l\000a\000t\000e\000d\000\040\000C\000o\000n\000c\000u\000r\000r\000e\000n\000c\000y\000\040\000M\000o\000d\000e\000l\000s}{chapter.2}% 21
\BOOKMARK [2][-]{subsection.2.4.1}{\376\377\000C\000o\000m\000m\000u\000n\000i\000c\000a\000t\000i\000n\000g\000\040\000S\000e\000q\000u\000e\000n\000t\000i\000a\000l\000\040\000P\000r\000o\000c\000e\000s\000s\000e\000s\000\040\000\050\000C\000S\000P\000\051}{section.2.4}% 22
\BOOKMARK [2][-]{subsection.2.4.2}{\376\377\000S\000o\000f\000t\000w\000a\000r\000e\000\040\000T\000r\000a\000n\000s\000a\000c\000t\000i\000o\000n\000a\000l\000\040\000M\000e\000m\000o\000r\000y\000\040\000\050\000S\000T\000M\000\051}{section.2.4}% 23
\BOOKMARK [2][-]{subsection.2.4.3}{\376\377\000F\000u\000t\000u\000r\000e\000s\000\040\000a\000n\000d\000\040\000P\000r\000o\000m\000i\000s\000e\000s}{section.2.4}% 24
\BOOKMARK [2][-]{subsection.2.4.4}{\376\377\000D\000a\000t\000a\000f\000l\000o\000w\000\040\000P\000r\000o\000g\000r\000a\000m\000m\000i\000n\000g}{section.2.4}% 25
\BOOKMARK [0][-]{chapter.3}{\376\377\000S\000y\000s\000t\000e\000m\000\040\000D\000e\000s\000i\000g\000n}{}% 26
\BOOKMARK [1][-]{section.3.1}{\376\377\000D\000e\000s\000i\000g\000n\000\040\000P\000r\000i\000n\000c\000i\000p\000l\000e\000s}{chapter.3}% 27
\BOOKMARK [2][-]{subsection.3.1.1}{\376\377\000S\000i\000m\000p\000l\000i\000c\000i\000t\000y\000\040\000O\000v\000e\000r\000\040\000M\000i\000c\000r\000o\000-\000o\000p\000t\000i\000m\000i\000z\000a\000t\000i\000o\000n}{section.3.1}% 28
\BOOKMARK [2][-]{subsection.3.1.2}{\376\377\000T\000y\000p\000e\000\040\000S\000a\000f\000e\000t\000y\000\040\000W\000i\000t\000h\000o\000u\000t\000\040\000S\000a\000c\000r\000i\000f\000i\000c\000i\000n\000g\000\040\000F\000l\000e\000x\000i\000b\000i\000l\000i\000t\000y}{section.3.1}% 29
\BOOKMARK [2][-]{subsection.3.1.3}{\376\377\000E\000x\000p\000l\000i\000c\000i\000t\000\040\000O\000v\000e\000r\000\040\000I\000m\000p\000l\000i\000c\000i\000t}{section.3.1}% 30
\BOOKMARK [2][-]{subsection.3.1.4}{\376\377\000G\000r\000a\000d\000u\000a\000l\000\040\000S\000c\000a\000l\000i\000n\000g}{section.3.1}% 31
\BOOKMARK [1][-]{section.3.2}{\376\377\000A\000r\000c\000h\000i\000t\000e\000c\000t\000u\000r\000e\000\040\000O\000v\000e\000r\000v\000i\000e\000w}{chapter.3}% 32
\BOOKMARK [2][-]{subsection.3.2.1}{\376\377\000R\000u\000n\000t\000i\000m\000e\000\040\000L\000a\000y\000e\000r}{section.3.2}% 33
\BOOKMARK [2][-]{subsection.3.2.2}{\376\377\000E\000f\000f\000e\000c\000t\000\040\000H\000a\000n\000d\000l\000e\000r\000\040\000L\000a\000y\000e\000r}{section.3.2}% 34
\BOOKMARK [2][-]{subsection.3.2.3}{\376\377\000C\000o\000r\000e\000\040\000A\000c\000t\000o\000r\000\040\000L\000a\000y\000e\000r}{section.3.2}% 35
\BOOKMARK [2][-]{subsection.3.2.4}{\376\377\000O\000T\000P\000\040\000L\000a\000y\000e\000r}{section.3.2}% 36
\BOOKMARK [2][-]{subsection.3.2.5}{\376\377\000A\000p\000p\000l\000i\000c\000a\000t\000i\000o\000n\000\040\000L\000a\000y\000e\000r}{section.3.2}% 37
\BOOKMARK [1][-]{section.3.3}{\376\377\000P\000r\000o\000c\000e\000s\000s\000\040\000M\000o\000d\000e\000l}{chapter.3}% 38
\BOOKMARK [2][-]{subsection.3.3.1}{\376\377\000P\000r\000o\000c\000e\000s\000s\000\040\000S\000t\000r\000u\000c\000t\000u\000r\000e}{section.3.3}% 39
\BOOKMARK [2][-]{subsection.3.3.2}{\376\377\000P\000r\000o\000c\000e\000s\000s\000\040\000L\000i\000f\000e\000c\000y\000c\000l\000e}{section.3.3}% 40
\BOOKMARK [2][-]{subsection.3.3.3}{\376\377\000M\000e\000m\000o\000r\000y\000\040\000M\000a\000n\000a\000g\000e\000m\000e\000n\000t}{section.3.3}% 41
\BOOKMARK [1][-]{section.3.4}{\376\377\000M\000e\000s\000s\000a\000g\000e\000\040\000P\000a\000s\000s\000i\000n\000g\000\040\000D\000e\000s\000i\000g\000n}{chapter.3}% 42
\BOOKMARK [2][-]{subsection.3.4.1}{\376\377\000M\000e\000s\000s\000a\000g\000e\000\040\000T\000y\000p\000e\000s}{section.3.4}% 43
\BOOKMARK [2][-]{subsection.3.4.2}{\376\377\000S\000e\000l\000e\000c\000t\000i\000v\000e\000\040\000R\000e\000c\000e\000i\000v\000e}{section.3.4}% 44
\BOOKMARK [2][-]{subsection.3.4.3}{\376\377\000M\000a\000i\000l\000b\000o\000x\000\040\000I\000m\000p\000l\000e\000m\000e\000n\000t\000a\000t\000i\000o\000n}{section.3.4}% 45
\BOOKMARK [1][-]{section.3.5}{\376\377\000S\000c\000h\000e\000d\000u\000l\000i\000n\000g\000\040\000D\000e\000s\000i\000g\000n}{chapter.3}% 46
\BOOKMARK [2][-]{subsection.3.5.1}{\376\377\000S\000i\000n\000g\000l\000e\000-\000C\000o\000r\000e\000\040\000S\000c\000h\000e\000d\000u\000l\000e\000r}{section.3.5}% 47
\BOOKMARK [2][-]{subsection.3.5.2}{\376\377\000M\000u\000l\000t\000i\000-\000C\000o\000r\000e\000\040\000A\000r\000c\000h\000i\000t\000e\000c\000t\000u\000r\000e}{section.3.5}% 48
\BOOKMARK [2][-]{subsection.3.5.3}{\376\377\000S\000c\000h\000e\000d\000u\000l\000e\000r\000\040\000A\000f\000f\000i\000n\000i\000t\000y}{section.3.5}% 49
\BOOKMARK [1][-]{section.3.6}{\376\377\000S\000u\000p\000e\000r\000v\000i\000s\000i\000o\000n\000\040\000T\000r\000e\000e\000s}{chapter.3}% 50
\BOOKMARK [2][-]{subsection.3.6.1}{\376\377\000S\000u\000p\000e\000r\000v\000i\000s\000o\000r\000\040\000D\000e\000s\000i\000g\000n}{section.3.6}% 51
\BOOKMARK [2][-]{subsection.3.6.2}{\376\377\000R\000e\000s\000t\000a\000r\000t\000\040\000L\000o\000g\000i\000c}{section.3.6}% 52
\BOOKMARK [2][-]{subsection.3.6.3}{\376\377\000S\000u\000p\000e\000r\000v\000i\000s\000i\000o\000n\000\040\000P\000a\000t\000t\000e\000r\000n\000s}{section.3.6}% 53
\BOOKMARK [1][-]{section.3.7}{\376\377\000T\000i\000m\000e\000r\000\040\000M\000a\000n\000a\000g\000e\000m\000e\000n\000t}{chapter.3}% 54
\BOOKMARK [2][-]{subsection.3.7.1}{\376\377\000H\000i\000e\000r\000a\000r\000c\000h\000i\000c\000a\000l\000\040\000T\000i\000m\000e\000r\000\040\000W\000h\000e\000e\000l\000s}{section.3.7}% 55
\BOOKMARK [2][-]{subsection.3.7.2}{\376\377\000T\000i\000m\000e\000r\000\040\000A\000c\000t\000i\000o\000n\000s}{section.3.7}% 56
\BOOKMARK [0][-]{chapter.4}{\376\377\000I\000m\000p\000l\000e\000m\000e\000n\000t\000a\000t\000i\000o\000n}{}% 57
\BOOKMARK [1][-]{section.4.1}{\376\377\000E\000f\000f\000e\000c\000t\000\040\000H\000a\000n\000d\000l\000e\000r\000\040\000I\000n\000t\000e\000g\000r\000a\000t\000i\000o\000n}{chapter.4}% 58
\BOOKMARK [2][-]{subsection.4.1.1}{\376\377\000C\000o\000r\000e\000\040\000E\000f\000f\000e\000c\000t\000s}{section.4.1}% 59
\BOOKMARK [2][-]{subsection.4.1.2}{\376\377\000E\000f\000f\000e\000c\000t\000\040\000H\000a\000n\000d\000l\000e\000r\000\040\000I\000m\000p\000l\000e\000m\000e\000n\000t\000a\000t\000i\000o\000n}{section.4.1}% 60
\BOOKMARK [2][-]{subsection.4.1.3}{\376\377\000C\000o\000n\000t\000i\000n\000u\000a\000t\000i\000o\000n\000\040\000M\000a\000n\000a\000g\000e\000m\000e\000n\000t}{section.4.1}% 61
\BOOKMARK [1][-]{section.4.2}{\376\377\000M\000e\000m\000o\000r\000y\000\040\000M\000a\000n\000a\000g\000e\000m\000e\000n\000t}{chapter.4}% 62
\BOOKMARK [2][-]{subsection.4.2.1}{\376\377\000P\000r\000o\000c\000e\000s\000s\000\040\000H\000e\000a\000p\000\040\000I\000s\000o\000l\000a\000t\000i\000o\000n}{section.4.2}% 63
\BOOKMARK [2][-]{subsection.4.2.2}{\376\377\000M\000e\000s\000s\000a\000g\000e\000\040\000C\000o\000p\000y\000i\000n\000g\000\040\000S\000t\000r\000a\000t\000e\000g\000y}{section.4.2}% 64
\BOOKMARK [2][-]{subsection.4.2.3}{\376\377\000G\000a\000r\000b\000a\000g\000e\000\040\000C\000o\000l\000l\000e\000c\000t\000i\000o\000n\000\040\000I\000n\000t\000e\000g\000r\000a\000t\000i\000o\000n}{section.4.2}% 65
\BOOKMARK [1][-]{section.4.3}{\376\377\000S\000c\000h\000e\000d\000u\000l\000e\000r\000\040\000I\000m\000p\000l\000e\000m\000e\000n\000t\000a\000t\000i\000o\000n}{chapter.4}% 66
\BOOKMARK [2][-]{subsection.4.3.1}{\376\377\000R\000e\000d\000u\000c\000t\000i\000o\000n\000\040\000C\000o\000u\000n\000t\000i\000n\000g}{section.4.3}% 67
\BOOKMARK [2][-]{subsection.4.3.2}{\376\377\000R\000u\000n\000\040\000Q\000u\000e\000u\000e\000\040\000M\000a\000n\000a\000g\000e\000m\000e\000n\000t}{section.4.3}% 68
\BOOKMARK [2][-]{subsection.4.3.3}{\376\377\000W\000o\000r\000k\000\040\000S\000t\000e\000a\000l\000i\000n\000g\000\040\000I\000m\000p\000l\000e\000m\000e\000n\000t\000a\000t\000i\000o\000n}{section.4.3}% 69
\BOOKMARK [1][-]{section.4.4}{\376\377\000S\000e\000l\000e\000c\000t\000i\000v\000e\000\040\000R\000e\000c\000e\000i\000v\000e\000\040\000I\000m\000p\000l\000e\000m\000e\000n\000t\000a\000t\000i\000o\000n}{chapter.4}% 70
\BOOKMARK [2][-]{subsection.4.4.1}{\376\377\000S\000a\000v\000e\000\040\000Q\000u\000e\000u\000e\000\040\000M\000e\000c\000h\000a\000n\000i\000s\000m}{section.4.4}% 71
\BOOKMARK [2][-]{subsection.4.4.2}{\376\377\000P\000a\000t\000t\000e\000r\000n\000\040\000C\000o\000m\000p\000i\000l\000a\000t\000i\000o\000n}{section.4.4}% 72
\BOOKMARK [1][-]{section.4.5}{\376\377\000T\000i\000m\000e\000r\000\040\000W\000h\000e\000e\000l\000\040\000I\000m\000p\000l\000e\000m\000e\000n\000t\000a\000t\000i\000o\000n}{chapter.4}% 73
\BOOKMARK [2][-]{subsection.4.5.1}{\376\377\000W\000h\000e\000e\000l\000\040\000S\000t\000r\000u\000c\000t\000u\000r\000e}{section.4.5}% 74
\BOOKMARK [2][-]{subsection.4.5.2}{\376\377\000T\000i\000m\000e\000r\000\040\000O\000p\000e\000r\000a\000t\000i\000o\000n\000s}{section.4.5}% 75
\BOOKMARK [1][-]{section.4.6}{\376\377\000I\000/\000O\000\040\000I\000n\000t\000e\000g\000r\000a\000t\000i\000o\000n}{chapter.4}% 76
\BOOKMARK [2][-]{subsection.4.6.1}{\376\377\000A\000s\000y\000n\000c\000h\000r\000o\000n\000o\000u\000s\000\040\000I\000/\000O}{section.4.6}% 77
\BOOKMARK [2][-]{subsection.4.6.2}{\376\377\000F\000i\000l\000e\000\040\000S\000y\000s\000t\000e\000m\000\040\000O\000p\000e\000r\000a\000t\000i\000o\000n\000s}{section.4.6}% 78
\BOOKMARK [0][-]{chapter.5}{\376\377\000E\000v\000a\000l\000u\000a\000t\000i\000o\000n}{}% 79
\BOOKMARK [1][-]{section.5.1}{\376\377\000E\000x\000p\000e\000r\000i\000m\000e\000n\000t\000a\000l\000\040\000S\000e\000t\000u\000p}{chapter.5}% 80
\BOOKMARK [2][-]{subsection.5.1.1}{\376\377\000H\000a\000r\000d\000w\000a\000r\000e\000\040\000C\000o\000n\000f\000i\000g\000u\000r\000a\000t\000i\000o\000n}{section.5.1}% 81
\BOOKMARK [2][-]{subsection.5.1.2}{\376\377\000B\000e\000n\000c\000h\000m\000a\000r\000k\000\040\000M\000e\000t\000h\000o\000d\000o\000l\000o\000g\000y}{section.5.1}% 82
\BOOKMARK [1][-]{section.5.2}{\376\377\000M\000i\000c\000r\000o\000b\000e\000n\000c\000h\000m\000a\000r\000k\000s}{chapter.5}% 83
\BOOKMARK [2][-]{subsection.5.2.1}{\376\377\000P\000r\000o\000c\000e\000s\000s\000\040\000C\000r\000e\000a\000t\000i\000o\000n}{section.5.2}% 84
\BOOKMARK [2][-]{subsection.5.2.2}{\376\377\000M\000e\000s\000s\000a\000g\000e\000\040\000P\000a\000s\000s\000i\000n\000g}{section.5.2}% 85
\BOOKMARK [2][-]{subsection.5.2.3}{\376\377\000C\000o\000n\000t\000e\000x\000t\000\040\000S\000w\000i\000t\000c\000h\000i\000n\000g}{section.5.2}% 86
\BOOKMARK [2][-]{subsection.5.2.4}{\376\377\000M\000e\000m\000o\000r\000y\000\040\000O\000v\000e\000r\000h\000e\000a\000d}{section.5.2}% 87
\BOOKMARK [1][-]{section.5.3}{\376\377\000A\000p\000p\000l\000i\000c\000a\000t\000i\000o\000n\000\040\000B\000e\000n\000c\000h\000m\000a\000r\000k\000s}{chapter.5}% 88
\BOOKMARK [2][-]{subsection.5.3.1}{\376\377\000W\000e\000b\000\040\000S\000e\000r\000v\000e\000r}{section.5.3}% 89
\BOOKMARK [2][-]{subsection.5.3.2}{\376\377\000M\000a\000p\000R\000e\000d\000u\000c\000e}{section.5.3}% 90
\BOOKMARK [2][-]{subsection.5.3.3}{\376\377\000C\000h\000a\000t\000\040\000S\000e\000r\000v\000e\000r}{section.5.3}% 91
\BOOKMARK [1][-]{section.5.4}{\376\377\000P\000r\000o\000d\000u\000c\000t\000i\000o\000n\000\040\000C\000a\000s\000e\000\040\000S\000t\000u\000d\000i\000e\000s}{chapter.5}% 92
\BOOKMARK [2][-]{subsection.5.4.1}{\376\377\000F\000i\000n\000a\000n\000c\000i\000a\000l\000\040\000T\000r\000a\000d\000i\000n\000g\000\040\000S\000y\000s\000t\000e\000m}{section.5.4}% 93
\BOOKMARK [2][-]{subsection.5.4.2}{\376\377\000I\000o\000T\000\040\000P\000l\000a\000t\000f\000o\000r\000m}{section.5.4}% 94
\BOOKMARK [2][-]{subsection.5.4.3}{\376\377\000G\000a\000m\000e\000\040\000S\000e\000r\000v\000e\000r}{section.5.4}% 95
\BOOKMARK [1][-]{section.5.5}{\376\377\000C\000o\000m\000p\000a\000r\000i\000s\000o\000n\000\040\000A\000n\000a\000l\000y\000s\000i\000s}{chapter.5}% 96
\BOOKMARK [2][-]{subsection.5.5.1}{\376\377\000v\000s\000\040\000E\000r\000l\000a\000n\000g\000/\000O\000T\000P}{section.5.5}% 97
\BOOKMARK [2][-]{subsection.5.5.2}{\376\377\000v\000s\000\040\000G\000o}{section.5.5}% 98
\BOOKMARK [2][-]{subsection.5.5.3}{\376\377\000v\000s\000\040\000A\000k\000k\000a}{section.5.5}% 99
\BOOKMARK [1][-]{section.5.6}{\376\377\000P\000e\000r\000f\000o\000r\000m\000a\000n\000c\000e\000\040\000S\000u\000m\000m\000a\000r\000y}{chapter.5}% 100
\BOOKMARK [0][-]{chapter.6}{\376\377\000R\000e\000l\000a\000t\000e\000d\000\040\000W\000o\000r\000k}{}% 101
\BOOKMARK [1][-]{section.6.1}{\376\377\000A\000c\000t\000o\000r\000\040\000S\000y\000s\000t\000e\000m\000s\000\040\000i\000n\000\040\000O\000t\000h\000e\000r\000\040\000L\000a\000n\000g\000u\000a\000g\000e\000s}{chapter.6}% 102
\BOOKMARK [2][-]{subsection.6.1.1}{\376\377\000E\000r\000l\000a\000n\000g\000/\000O\000T\000P}{section.6.1}% 103
\BOOKMARK [2][-]{subsection.6.1.2}{\376\377\000A\000k\000k\000a\000\040\000\050\000S\000c\000a\000l\000a\000/\000J\000a\000v\000a\000\051}{section.6.1}% 104
\BOOKMARK [2][-]{subsection.6.1.3}{\376\377\000O\000r\000l\000e\000a\000n\000s\000\040\000\050\000.\000N\000E\000T\000\051}{section.6.1}% 105
\BOOKMARK [2][-]{subsection.6.1.4}{\376\377\000P\000o\000n\000y}{section.6.1}% 106
\BOOKMARK [2][-]{subsection.6.1.5}{\376\377\000C\000l\000o\000u\000d\000\040\000H\000a\000s\000k\000e\000l\000l}{section.6.1}% 107
\BOOKMARK [1][-]{section.6.2}{\376\377\000E\000f\000f\000e\000c\000t\000\040\000H\000a\000n\000d\000l\000e\000r\000\040\000S\000y\000s\000t\000e\000m\000s}{chapter.6}% 108
\BOOKMARK [2][-]{subsection.6.2.1}{\376\377\000M\000u\000l\000t\000i\000c\000o\000r\000e\000\040\000O\000C\000a\000m\000l}{section.6.2}% 109
\BOOKMARK [2][-]{subsection.6.2.2}{\376\377\000K\000o\000k\000a}{section.6.2}% 110
\BOOKMARK [2][-]{subsection.6.2.3}{\376\377\000E\000f\000f\000\040\000a\000n\000d\000\040\000F\000r\000a\000n\000k}{section.6.2}% 111
\BOOKMARK [2][-]{subsection.6.2.4}{\376\377\000W\000e\000b\000A\000s\000s\000e\000m\000b\000l\000y\000\040\000E\000f\000f\000e\000c\000t\000s}{section.6.2}% 112
\BOOKMARK [1][-]{section.6.3}{\376\377\000A\000l\000t\000e\000r\000n\000a\000t\000i\000v\000e\000\040\000C\000o\000n\000c\000u\000r\000r\000e\000n\000c\000y\000\040\000M\000o\000d\000e\000l\000s}{chapter.6}% 113
\BOOKMARK [2][-]{subsection.6.3.1}{\376\377\000C\000S\000P\000\040\000\050\000G\000o\000,\000\040\000C\000l\000o\000j\000u\000r\000e\000\040\000c\000o\000r\000e\000.\000a\000s\000y\000n\000c\000\051}{section.6.3}% 114
\BOOKMARK [2][-]{subsection.6.3.2}{\376\377\000S\000T\000M\000\040\000\050\000H\000a\000s\000k\000e\000l\000l\000,\000\040\000C\000l\000o\000j\000u\000r\000e\000\051}{section.6.3}% 115
\BOOKMARK [2][-]{subsection.6.3.3}{\376\377\000A\000s\000y\000n\000c\000/\000A\000w\000a\000i\000t\000\040\000\050\000R\000u\000s\000t\000,\000\040\000J\000a\000v\000a\000S\000c\000r\000i\000p\000t\000,\000\040\000C\000\043\000\051}{section.6.3}% 116
\BOOKMARK [2][-]{subsection.6.3.4}{\376\377\000R\000e\000a\000c\000t\000i\000v\000e\000\040\000S\000t\000r\000e\000a\000m\000s\000\040\000\050\000R\000x\000J\000a\000v\000a\000,\000\040\000R\000e\000a\000c\000t\000o\000r\000\051}{section.6.3}% 117
\BOOKMARK [0][-]{chapter.7}{\376\377\000C\000o\000n\000c\000l\000u\000s\000i\000o\000n\000\040\000a\000n\000d\000\040\000F\000u\000t\000u\000r\000e\000\040\000W\000o\000r\000k}{}% 118
\BOOKMARK [1][-]{section.7.1}{\376\377\000S\000u\000m\000m\000a\000r\000y\000\040\000o\000f\000\040\000C\000o\000n\000t\000r\000i\000b\000u\000t\000i\000o\000n\000s}{chapter.7}% 119
\BOOKMARK [1][-]{section.7.2}{\376\377\000F\000u\000t\000u\000r\000e\000\040\000W\000o\000r\000k}{chapter.7}% 120
\BOOKMARK [2][-]{subsection.7.2.1}{\376\377\000D\000i\000s\000t\000r\000i\000b\000u\000t\000e\000d\000\040\000R\000I\000O\000T}{section.7.2}% 121
\BOOKMARK [2][-]{subsection.7.2.2}{\376\377\000A\000d\000v\000a\000n\000c\000e\000d\000\040\000S\000c\000h\000e\000d\000u\000l\000i\000n\000g}{section.7.2}% 122
\BOOKMARK [2][-]{subsection.7.2.3}{\376\377\000D\000e\000b\000u\000g\000g\000i\000n\000g\000\040\000a\000n\000d\000\040\000O\000b\000s\000e\000r\000v\000a\000b\000i\000l\000i\000t\000y}{section.7.2}% 123
\BOOKMARK [2][-]{subsection.7.2.4}{\376\377\000F\000o\000r\000m\000a\000l\000\040\000V\000e\000r\000i\000f\000i\000c\000a\000t\000i\000o\000n}{section.7.2}% 124
\BOOKMARK [2][-]{subsection.7.2.5}{\376\377\000L\000a\000n\000g\000u\000a\000g\000e\000\040\000I\000n\000t\000e\000g\000r\000a\000t\000i\000o\000n}{section.7.2}% 125
\BOOKMARK [1][-]{section.7.3}{\376\377\000F\000i\000n\000a\000l\000\040\000T\000h\000o\000u\000g\000h\000t\000s}{chapter.7}% 126
\BOOKMARK [0][-]{appendix.A}{\376\377\000A\000P\000I\000\040\000R\000e\000f\000e\000r\000e\000n\000c\000e}{}% 127
\BOOKMARK [0][-]{appendix.B}{\376\377\000I\000n\000s\000t\000a\000l\000l\000a\000t\000i\000o\000n\000\040\000G\000u\000i\000d\000e}{}% 128
\BOOKMARK [0][-]{appendix.C}{\376\377\000P\000e\000r\000f\000o\000r\000m\000a\000n\000c\000e\000\040\000T\000u\000n\000i\000n\000g}{}% 129
