This file contains any messages produced by compilers while
running configure, to aid debugging if configure makes a mistake.

It was created by OCaml configure 5.3.0, which was
generated by GNU Autoconf 2.71.  Invocation command line was

  $ ./configure --prefix=/Users/ostera/Developer/github.com/riot-ml/riot/ocaml/cross-compiler/x86_64-linux-gnu/host-build/install --disable-ocamldoc --disable-debugger

## --------- ##
## Platform. ##
## --------- ##

hostname = cerritosh
uname -m = arm64
uname -r = 24.5.0
uname -s = Darwin
uname -v = Darwin Kernel Version 24.5.0: Tue Apr 22 19:54:49 PDT 2025; root:xnu-11417.121.6~2/RELEASE_ARM64_T6000

/usr/bin/uname -p = arm
/bin/uname -X     = unknown

/bin/arch              = unknown
/usr/bin/arch -k       = unknown
/usr/convex/getsysinfo = unknown
/usr/bin/hostinfo      = Mach kernel version:
	 Darwin Kernel Version 24.5.0: Tue Apr 22 19:54:49 PDT 2025; root:xnu-11417.121.6~2/RELEASE_ARM64_T6000
Kernel configured for up to 10 processors.
10 processors are physically available.
10 processors are logically available.
Processor type: arm64e (ARM64E)
Processors active: 0 1 2 3 4 5 6 7 8 9
Primary memory available: 64.00 gigabytes
Default processor set: 975 tasks, 5370 threads, 10 processors
Load average: 21.19, Mach factor: 0.85
/bin/machine           = unknown
/usr/bin/oslevel       = unknown
/bin/universe          = unknown

PATH: /Users/ostera/.dune/bin/
PATH: /Users/ostera/.dune/bin/
PATH: /Users/ostera/.bun/bin/
PATH: /opt/homebrew/opt/openjdk/bin/
PATH: /opt/homebrew/opt/make/libexec/gnubin/
PATH: /opt/homebrew/sbin/
PATH: /opt/homebrew/bin/
PATH: /Users/ostera/.go/bin/
PATH: /Users/ostera/.cargo/bin/
PATH: /Users/ostera/.bin/
PATH: /Users/ostera/.tusk/bin/
PATH: /Users/ostera/.local/bin/
PATH: /Users/ostera/.nix-profile/bin/
PATH: /run/current-system/sw/bin/
PATH: /nix/var/nix/profiles/default/bin/
PATH: /usr/local/bin/
PATH: /usr/bin/
PATH: /usr/sbin/
PATH: /bin/
PATH: /sbin/


## ----------- ##
## Core tests. ##
## ----------- ##

configure:3111: looking for aux files: install-sh ltmain.sh config.guess config.sub
configure:3124:  trying ./build-aux/
configure:3135:   ./build-aux/install-sh found
configure:3153:   ./build-aux/ltmain.sh found
configure:3153:   ./build-aux/config.guess found
configure:3153:   ./build-aux/config.sub found
configure:3265: Configuring OCaml version 5.3.0
configure:3586: checking build system type
configure:3601: result: aarch64-apple-darwin24.5.0
configure:3621: checking host system type
configure:3635: result: aarch64-apple-darwin24.5.0
configure:3655: checking target system type
configure:3669: result: aarch64-apple-darwin24.5.0
configure:3742: checking for csc
configure:3777: result: no
configure:4286: checking for ld
configure:4307: found /usr/bin/ld
configure:4318: result: ld
configure:4400: checking how to print strings
configure:4427: result: printf
configure:4510: checking for gcc
configure:4542: result: clang --target=x86_64-linux-gnu -fuse-ld=lld --sysroot=/Users/ostera/Developer/github.com/riot-ml/riot/ocaml/cross-compiler/x86_64-linux-gnu/sysroot
configure:4895: checking for C compiler version
configure:4904: clang --target=x86_64-linux-gnu -fuse-ld=lld --sysroot=/Users/ostera/Developer/github.com/riot-ml/riot/ocaml/cross-compiler/x86_64-linux-gnu/sysroot --version >&5
Apple clang version 17.0.0 (clang-1700.0.13.5)
Target: x86_64-unknown-linux-gnu
Thread model: posix
InstalledDir: /Applications/Xcode.app/Contents/Developer/Toolchains/XcodeDefault.xctoolchain/usr/bin
configure:4915: $? = 0
configure:4904: clang --target=x86_64-linux-gnu -fuse-ld=lld --sysroot=/Users/ostera/Developer/github.com/riot-ml/riot/ocaml/cross-compiler/x86_64-linux-gnu/sysroot -v >&5
Apple clang version 17.0.0 (clang-1700.0.13.5)
Target: x86_64-unknown-linux-gnu
Thread model: posix
InstalledDir: /Applications/Xcode.app/Contents/Developer/Toolchains/XcodeDefault.xctoolchain/usr/bin
clang: warning: argument unused during compilation: '-fuse-ld=lld' [-Wunused-command-line-argument]
configure:4915: $? = 0
configure:4904: clang --target=x86_64-linux-gnu -fuse-ld=lld --sysroot=/Users/ostera/Developer/github.com/riot-ml/riot/ocaml/cross-compiler/x86_64-linux-gnu/sysroot -V >&5
clang: error: argument to '-V' is missing (expected 1 value)
clang: error: no input files
configure:4915: $? = 1
configure:4904: clang --target=x86_64-linux-gnu -fuse-ld=lld --sysroot=/Users/ostera/Developer/github.com/riot-ml/riot/ocaml/cross-compiler/x86_64-linux-gnu/sysroot -qversion >&5
clang: error: unknown argument '-qversion'; did you mean '--version'?
clang: error: no input files
configure:4915: $? = 1
configure:4904: clang --target=x86_64-linux-gnu -fuse-ld=lld --sysroot=/Users/ostera/Developer/github.com/riot-ml/riot/ocaml/cross-compiler/x86_64-linux-gnu/sysroot -version >&5
clang: error: unknown argument '-version'; did you mean '--version'?
clang: error: no input files
configure:4915: $? = 1
configure:4935: checking whether the C compiler works
configure:4957: clang --target=x86_64-linux-gnu -fuse-ld=lld --sysroot=/Users/ostera/Developer/github.com/riot-ml/riot/ocaml/cross-compiler/x86_64-linux-gnu/sysroot    conftest.c  >&5
configure:4961: $? = 0
configure:5011: result: yes
configure:5014: checking for C compiler default output file name
configure:5016: result: a.out
configure:5022: checking for suffix of executables
configure:5029: clang --target=x86_64-linux-gnu -fuse-ld=lld --sysroot=/Users/ostera/Developer/github.com/riot-ml/riot/ocaml/cross-compiler/x86_64-linux-gnu/sysroot -o conftest    conftest.c  >&5
configure:5033: $? = 0
configure:5056: result: 
configure:5078: checking whether we are cross compiling
configure:5086: clang --target=x86_64-linux-gnu -fuse-ld=lld --sysroot=/Users/ostera/Developer/github.com/riot-ml/riot/ocaml/cross-compiler/x86_64-linux-gnu/sysroot -o conftest    conftest.c  >&5
configure:5090: $? = 0
configure:5097: ./conftest
./configure: line 5099: ./conftest: cannot execute binary file
configure:5101: $? = 126
configure:5108: error: in `/Users/ostera/Developer/github.com/riot-ml/riot/ocaml/cross-compiler/x86_64-linux-gnu/host-build':
configure:5110: error: cannot run C compiled programs.
If you meant to cross compile, use `--host'.
See `config.log' for more details

## ---------------- ##
## Cache variables. ##
## ---------------- ##

ac_cv_build=aarch64-apple-darwin24.5.0
ac_cv_env_ASPP_set=
ac_cv_env_ASPP_value=
ac_cv_env_AS_set=set
ac_cv_env_AS_value='clang --target=x86_64-linux-gnu -fuse-ld=lld --sysroot=/Users/ostera/Developer/github.com/riot-ml/riot/ocaml/cross-compiler/x86_64-linux-gnu/sysroot -c'
ac_cv_env_CC_set=set
ac_cv_env_CC_value='clang --target=x86_64-linux-gnu -fuse-ld=lld --sysroot=/Users/ostera/Developer/github.com/riot-ml/riot/ocaml/cross-compiler/x86_64-linux-gnu/sysroot'
ac_cv_env_CFLAGS_set=
ac_cv_env_CFLAGS_value=
ac_cv_env_COMPILER_BYTECODE_CFLAGS_set=
ac_cv_env_COMPILER_BYTECODE_CFLAGS_value=
ac_cv_env_COMPILER_BYTECODE_CPPFLAGS_set=
ac_cv_env_COMPILER_BYTECODE_CPPFLAGS_value=
ac_cv_env_COMPILER_NATIVE_CFLAGS_set=
ac_cv_env_COMPILER_NATIVE_CFLAGS_value=
ac_cv_env_COMPILER_NATIVE_CPPFLAGS_set=
ac_cv_env_COMPILER_NATIVE_CPPFLAGS_value=
ac_cv_env_CPPFLAGS_set=
ac_cv_env_CPPFLAGS_value=
ac_cv_env_CPP_set=
ac_cv_env_CPP_value=
ac_cv_env_DEFAULT_STRING_set=
ac_cv_env_DEFAULT_STRING_value=
ac_cv_env_DLLIBS_set=
ac_cv_env_DLLIBS_value=
ac_cv_env_LDFLAGS_set=
ac_cv_env_LDFLAGS_value=
ac_cv_env_LIBS_set=
ac_cv_env_LIBS_value=
ac_cv_env_LIBUNWIND_CPPFLAGS_set=
ac_cv_env_LIBUNWIND_CPPFLAGS_value=
ac_cv_env_LIBUNWIND_LDFLAGS_set=
ac_cv_env_LIBUNWIND_LDFLAGS_value=
ac_cv_env_LT_SYS_LIBRARY_PATH_set=
ac_cv_env_LT_SYS_LIBRARY_PATH_value=
ac_cv_env_PARTIALLD_set=
ac_cv_env_PARTIALLD_value=
ac_cv_env_WINDOWS_UNICODE_MODE_set=
ac_cv_env_WINDOWS_UNICODE_MODE_value=
ac_cv_env_build_alias_set=
ac_cv_env_build_alias_value=
ac_cv_env_host_alias_set=
ac_cv_env_host_alias_value=
ac_cv_env_target_alias_set=
ac_cv_env_target_alias_value=
ac_cv_host=aarch64-apple-darwin24.5.0
ac_cv_prog_ac_ct_CC='clang --target=x86_64-linux-gnu -fuse-ld=lld --sysroot=/Users/ostera/Developer/github.com/riot-ml/riot/ocaml/cross-compiler/x86_64-linux-gnu/sysroot'
ac_cv_prog_ac_ct_LD=ld
ac_cv_target=aarch64-apple-darwin24.5.0

## ----------------- ##
## Output variables. ##
## ----------------- ##

AR='llvm-ar'
AS='clang --target=x86_64-linux-gnu -fuse-ld=lld --sysroot=/Users/ostera/Developer/github.com/riot-ml/riot/ocaml/cross-compiler/x86_64-linux-gnu/sysroot -c'
ASPP=''
AST_IMPL_MAGIC_NUMBER='Caml1999M035'
AST_INTF_MAGIC_NUMBER='Caml1999N035'
AWK=''
CC='clang --target=x86_64-linux-gnu -fuse-ld=lld --sysroot=/Users/ostera/Developer/github.com/riot-ml/riot/ocaml/cross-compiler/x86_64-linux-gnu/sysroot'
CFLAGS=''
CMA_MAGIC_NUMBER='Caml1999A035'
CMI_MAGIC_NUMBER='Caml1999I035'
CMO_MAGIC_NUMBER='Caml1999O035'
CMT_MAGIC_NUMBER='Caml1999T035'
CMXA_MAGIC_NUMBER=''
CMXS_MAGIC_NUMBER='Caml1999D035'
CMX_MAGIC_NUMBER=''
COMPILER_BYTECODE_CFLAGS=''
COMPILER_BYTECODE_CPPFLAGS=''
COMPILER_NATIVE_CFLAGS=''
COMPILER_NATIVE_CPPFLAGS=''
CONFIGURE_ARGS='--prefix=/Users/ostera/Developer/github.com/riot-ml/riot/ocaml/cross-compiler/x86_64-linux-gnu/host-build/install --disable-ocamldoc --disable-debugger'
CPP=''
CPPFLAGS=''
CSC=''
CSCFLAGS=''
DEFAULT_STRING=''
DEFS=''
DEP_CC=''
DIFF=''
DIFF_FLAGS=''
DIRECT_LD=''
DLLIBS=''
DLLTOOL=''
DSYMUTIL=''
DUMPBIN=''
ECHO_C='\c'
ECHO_N=''
ECHO_T=''
EGREP=''
EXEC_MAGIC_NUMBER='Caml1999X035'
EXEEXT=''
FGREP=''
GREP=''
INSTALL_DATA=''
INSTALL_PROGRAM=''
INSTALL_SCRIPT=''
LD='ld'
LDFLAGS=''
LIBOBJS=''
LIBS=''
LIBTOOL=''
LIBUNWIND_CPPFLAGS=''
LIBUNWIND_LDFLAGS=''
LINEAR_MAGIC_NUMBER='Caml1999L035'
LIPO=''
LN_S=''
LTLIBOBJS=''
LT_SYS_LIBRARY_PATH=''
MAGIC_LENGTH='12'
MANIFEST_TOOL=''
NM=''
NMEDIT=''
OBJDUMP=''
OBJEXT=''
OCAML_DEVELOPMENT_VERSION='false'
OCAML_RELEASE_EXTRA='None'
OCAML_VERSION_EXTRA=''
OCAML_VERSION_MAJOR='5'
OCAML_VERSION_MINOR='3'
OCAML_VERSION_PATCHLEVEL='0'
OCAML_VERSION_SHORT='5.3'
OTOOL64=''
OTOOL=''
PACKAGE_BUGREPORT='caml-list@inria.fr'
PACKAGE_NAME='OCaml'
PACKAGE_STRING='OCaml 5.3.0'
PACKAGE_TARNAME='ocaml'
PACKAGE_URL='http://www.ocaml.org'
PACKAGE_VERSION='5.3.0'
PACKLD=''
PARTIALLD=''
PATH_SEPARATOR=':'
PKG_CONFIG=''
PTHREAD_CC=''
PTHREAD_CFLAGS=''
PTHREAD_CXX=''
PTHREAD_LIBS=''
QS=''
RANLIB='llvm-ranlib'
S='s'
SED=''
SHELL='/bin/sh'
SO='so'
STRIP='llvm-strip'
VERSION='5.3.0'
WINDOWS_UNICODE_MODE=''
ac_ct_AR=''
ac_ct_CC='clang --target=x86_64-linux-gnu -fuse-ld=lld --sysroot=/Users/ostera/Developer/github.com/riot-ml/riot/ocaml/cross-compiler/x86_64-linux-gnu/sysroot'
ac_ct_DEP_CC=''
ac_ct_DUMPBIN=''
ac_ct_LD='ld'
ac_tool_prefix=''
afl=''
ar_supports_response_files=''
arch64=''
arch=''
arch_specific_SOURCES=''
as_has_debug_prefix_map=''
asm_cfi_supported=''
ax_pthread_config=''
bindir='${exec_prefix}/bin'
bootstrapping_flexdll='false'
build='aarch64-apple-darwin24.5.0'
build_alias=''
build_cpu='aarch64'
build_libraries_manpages=''
build_ocamldebug=''
build_ocamldoc='false'
build_ocamlobjinfo=''
build_ocamltest=''
build_ocamltex='true'
build_os='darwin24.5.0'
build_vendor='apple'
bytecode_cflags=''
bytecode_cppflags=''
cc_has_debug_prefix_map=''
cclibs=''
ccomptype='cc'
cmm_invariants=''
cmxs=''
common_cflags=''
common_cppflags=''
compute_deps=''
csc=''
datadir='${datarootdir}'
datarootdir='${prefix}/share'
debug_runtime=''
default_build_target=''
docdir='${datarootdir}/doc/${PACKAGE_TARNAME}'
documentation_tool=''
documentation_tool_cmd=''
dvidir='${docdir}'
endianness=''
exec_prefix='NONE'
exeext=''
flambda=''
flambda_invariants=''
flat_float_array=''
flexdll_chain=''
flexdll_dir=''
flexdll_source_dir=''
flexlink=''
fpic=''
frame_pointers=''
function_sections=''
host='aarch64-apple-darwin24.5.0'
host_alias=''
host_cpu='aarch64'
host_os='darwin24.5.0'
host_vendor='apple'
htmldir='${docdir}'
includedir='${prefix}/include'
infodir='${datarootdir}/info'
install_bytecode_programs=''
install_ocamlnat=''
install_source_artifacts=''
instrumented_runtime='false'
instrumented_runtime_libs=''
lib_dynlink='false'
lib_runtime_events=''
lib_str='false'
lib_systhreads='false'
lib_unix='false'
libdir='${exec_prefix}/lib'
libexecdir='${exec_prefix}/libexec'
libext=''
ln=''
localedir='${datarootdir}/locale'
localstatedir='${prefix}/var'
mandir='${datarootdir}/man'
mkdll=''
mkdll_exp=''
mkexe=''
mkexe_exp=''
mkexe_via_cc_extra_cmd=''
mkexe_via_cc_ldflags=''
mkexedebugflag='-g'
mklib=''
mkmaindll=''
mkmaindll_exp=''
mksharedlibrpath=''
model=''
natdynlink=''
natdynlink_archive=''
natdynlinkopts=''
native_cflags=''
native_compiler=''
native_cppflags=''
native_ldflags=''
oc_bytecode_cflags=''
oc_bytecode_cppflags=''
oc_cflags=''
oc_cppflags=''
oc_dll_ldflags=''
oc_ldflags=''
oc_native_cflags=''
oc_native_compflags=''
oc_native_cppflags=''
ocaml_bindir=''
ocaml_libdir=''
ocamldoc_opt_target=''
ocamldoc_target=''
ocamlsrcdir=''
ocamltest=''
ocamltest_CPP=''
ocamltest_libunix='None'
ocamltest_opt_target=''
ocamltest_target=''
ocamlyacc_wstr_module=''
oldincludedir='/usr/include'
optional_bytecode_tools=''
optional_libraries=''
optional_native_tools=''
otherlibraries=''
otherlibs=''
outputexe='-o '
outputobj=''
pdfdir='${docdir}'
prefix='/Users/ostera/Developer/github.com/riot-ml/riot/ocaml/cross-compiler/x86_64-linux-gnu/host-build/install'
program_transform_name='s,x,x,'
psdir='${docdir}'
reserved_header_bits='0'
rlwrap=''
rpath=''
runstatedir='${localstatedir}/run'
runtime_asm_objects=''
sbindir='${exec_prefix}/sbin'
sharedlib_cflags=''
sharedstatedir='${prefix}/com'
shebangscripts=''
supports_shared_libraries=''
sysconfdir='${prefix}/etc'
syslib='-l$(1)'
system=''
systhread_support=''
target='aarch64-apple-darwin24.5.0'
target_alias=''
target_cpu='aarch64'
target_os='darwin24.5.0'
target_vendor='apple'
toolchain='cc'
tsan='false'
tsan_native_runtime_c_sources=''
unix_directory=''
unix_library=''
unix_or_win32=''
windows_unicode=''
winpthreads_source_dir=''
winpthreads_source_include_dir=''
with_debugger=''
with_ocamldoc=''
zstd_libs=''

## ----------- ##
## confdefs.h. ##
## ----------- ##

/* confdefs.h */
#define PACKAGE_NAME "OCaml"
#define PACKAGE_TARNAME "ocaml"
#define PACKAGE_VERSION "5.3.0"
#define PACKAGE_STRING "OCaml 5.3.0"
#define PACKAGE_BUGREPORT "caml-list@inria.fr"
#define PACKAGE_URL "http://www.ocaml.org"
#define MAGIC_NUMBER_PREFIX "Caml1999"
#define MAGIC_NUMBER_VERSION "035"
#define EXEC_MAGIC_LENGTH 12
#define EXEC_FORMAT "X"
#define OCAML_VERSION_MAJOR 5
#define OCAML_VERSION_MINOR 3
#define OCAML_VERSION_PATCHLEVEL 0
#define OCAML_VERSION_ADDITIONAL ""
#define OCAML_VERSION_EXTRA ""
#define OCAML_VERSION 50300
#define OCAML_VERSION_STRING "5.3.0"

configure: exit 77
