configure: Configuring OCaml version 5.3.0
checking build system type... aarch64-apple-darwin24.5.0
checking host system type... x86_64-pc-linux-gnu
checking target system type... x86_64-pc-linux-gnu
checking for csc... no
checking for x86_64-linux-gnu-ld... no
checking for x86_64-linux-gnu-link... no
checking for ld... ld
checking how to print strings... printf
checking for x86_64-linux-gnu-gcc... clang --target=x86_64-linux-gnu -fuse-ld=lld --sysroot=/Users/ostera/Developer/github.com/riot-ml/riot/ocaml/cross-compiler/x86_64-linux-gnu/sysroot
checking whether the C compiler works... yes
checking for C compiler default output file name... a.out
checking for suffix of executables... 
checking whether we are cross compiling... yes
checking for suffix of object files... o
checking whether the compiler supports GNU C... yes
checking whether clang --target=x86_64-linux-gnu -fuse-ld=lld --sysroot=/Users/ostera/Developer/github.com/riot-ml/riot/ocaml/cross-compiler/x86_64-linux-gnu/sysroot accepts -g... yes
checking for clang --target=x86_64-linux-gnu -fuse-ld=lld --sysroot=/Users/ostera/Developer/github.com/riot-ml/riot/ocaml/cross-compiler/x86_64-linux-gnu/sysroot option to enable C11 features... none needed
checking for a sed that does not truncate output... /usr/bin/sed
checking for grep that handles long lines and -e... /usr/bin/grep
checking for egrep... /usr/bin/grep -E
checking for fgrep... /usr/bin/grep -F
checking for ld used by clang --target=x86_64-linux-gnu -fuse-ld=lld --sysroot=/Users/ostera/Developer/github.com/riot-ml/riot/ocaml/cross-compiler/x86_64-linux-gnu/sysroot... ld
checking if the linker (ld) is GNU ld... no
checking for BSD- or MS-compatible name lister (nm)... no
checking for x86_64-linux-gnu-dumpbin... no
checking for x86_64-linux-gnu-link... no
checking for dumpbin... no
checking for link... link -dump
configure: WARNING: using cross tools not prefixed with host triplet
checking the name lister (nm) interface... BSD nm
checking whether ln -s works... yes
checking the maximum length of command line arguments... 786432
checking how to convert aarch64-apple-darwin24.5.0 file names to x86_64-pc-linux-gnu format... func_convert_file_noop
checking how to convert aarch64-apple-darwin24.5.0 file names to toolchain format... func_convert_file_noop
checking for ld option to reload object files... -r
checking for x86_64-linux-gnu-objdump... no
checking for objdump... objdump
checking how to recognize dependent libraries... pass_all
checking for x86_64-linux-gnu-dlltool... no
checking for dlltool... no
checking how to associate runtime and link libraries... printf %s\n
checking for x86_64-linux-gnu-ar... llvm-ar
checking for archiver @FILE support... @
checking for x86_64-linux-gnu-strip... llvm-strip
checking for x86_64-linux-gnu-ranlib... llvm-ranlib
checking for gawk... no
checking for mawk... no
checking for nawk... no
checking for awk... awk
checking command to parse nm output from clang --target=x86_64-linux-gnu -fuse-ld=lld --sysroot=/Users/ostera/Developer/github.com/riot-ml/riot/ocaml/cross-compiler/x86_64-linux-gnu/sysroot object... ok
checking for sysroot... no
checking for a working dd... /run/current-system/sw/bin/dd
checking how to truncate binary pipes... /run/current-system/sw/bin/dd bs=4096 count=1
checking for x86_64-linux-gnu-mt... no
checking for mt... no
checking if : is a manifest tool... no
checking for stdio.h... yes
checking for stdlib.h... yes
checking for string.h... yes
checking for inttypes.h... yes
checking for stdint.h... yes
checking for strings.h... yes
checking for sys/stat.h... yes
checking for sys/types.h... yes
checking for unistd.h... yes
checking for dlfcn.h... yes
checking for objdir... .libs
checking if clang --target=x86_64-linux-gnu -fuse-ld=lld --sysroot=/Users/ostera/Developer/github.com/riot-ml/riot/ocaml/cross-compiler/x86_64-linux-gnu/sysroot supports -fno-rtti -fno-exceptions... yes
checking for clang --target=x86_64-linux-gnu -fuse-ld=lld --sysroot=/Users/ostera/Developer/github.com/riot-ml/riot/ocaml/cross-compiler/x86_64-linux-gnu/sysroot option to produce PIC... -fPIC -DPIC
checking if clang --target=x86_64-linux-gnu -fuse-ld=lld --sysroot=/Users/ostera/Developer/github.com/riot-ml/riot/ocaml/cross-compiler/x86_64-linux-gnu/sysroot PIC flag -fPIC -DPIC works... yes
checking if clang --target=x86_64-linux-gnu -fuse-ld=lld --sysroot=/Users/ostera/Developer/github.com/riot-ml/riot/ocaml/cross-compiler/x86_64-linux-gnu/sysroot static flag -static works... yes
checking if clang --target=x86_64-linux-gnu -fuse-ld=lld --sysroot=/Users/ostera/Developer/github.com/riot-ml/riot/ocaml/cross-compiler/x86_64-linux-gnu/sysroot supports -c -o file.o... yes
checking if clang --target=x86_64-linux-gnu -fuse-ld=lld --sysroot=/Users/ostera/Developer/github.com/riot-ml/riot/ocaml/cross-compiler/x86_64-linux-gnu/sysroot supports -c -o file.o... (cached) yes
checking whether the clang --target=x86_64-linux-gnu -fuse-ld=lld --sysroot=/Users/ostera/Developer/github.com/riot-ml/riot/ocaml/cross-compiler/x86_64-linux-gnu/sysroot linker (ld -m elf_x86_64) supports shared libraries... yes
checking dynamic linker characteristics... GNU/Linux ld.so
checking how to hardcode library paths into programs... unsupported
checking whether stripping libraries is possible... yes
checking if libtool supports shared libraries... yes
checking whether to build shared libraries... yes
checking whether to build static libraries... yes
checking how to run the C preprocessor... clang --target=x86_64-linux-gnu -fuse-ld=lld --sysroot=/Users/ostera/Developer/github.com/riot-ml/riot/ocaml/cross-compiler/x86_64-linux-gnu/sysroot -E
checking C compiler vendor... clang-17-0
checking whether host executables can be run in the build... no
checking whether #! works in shell scripts... yes
checking whether the C compiler accepts -Wold-style-declaration... no
checking whether the C compiler accepts -Wimplicit-fallthrough=5... no
checking whether the C compiler accepts -Wimplicit-fallthrough... no
checking for flexdll sources... checking for flexlink... no
checking for flexdll.h... no
checking for winpthreads sources... skipping on that platform
checking for a BSD-compatible install... /opt/homebrew/bin/ginstall -c
checking for library containing cos... no
checking for unistd.h... (cached) yes
checking for math.h... yes
checking for pthread_np.h... no
checking for dirent.h... yes
checking for sys/select.h... yes
checking for sys/mman.h... yes
checking for linux/futex.h... yes
checking for off_t... yes
checking size of int... 4
checking size of long... 8
checking size of long *... 8
checking size of short... 2
checking size of long long... 8
configure: Target is a 64 bits architecture
checking whether byte ordering is bigendian... no
checking alignment of double... 8
checking alignment of long... 8
checking alignment of long long... 8
checking for max_align_t... yes
checking if clang --target=x86_64-linux-gnu -fuse-ld=lld --sysroot=/Users/ostera/Developer/github.com/riot-ml/riot/ocaml/cross-compiler/x86_64-linux-gnu/sysroot supports _Atomic types with no additional options... yes
checking whether the C compiler supports __attribute__((optimize("tree-vectorize")))... no
checking whether clang --target=x86_64-linux-gnu -fuse-ld=lld --sysroot=/Users/ostera/Developer/github.com/riot-ml/riot/ocaml/cross-compiler/x86_64-linux-gnu/sysroot supports the labels as values extension... yes
checking for x86_64-linux-gnu-ld... no
checking for ld... ld
checking for rlwrap... no
configure: checking semantics of signal handlers
checking for sigaction... yes
checking for sigprocmask... yes
configure: POSIX signal handling found.
checking for expm1... no
checking for log1p... no
checking for hypot... no
checking for fma... no
checking for exp2... no
checking for log2... no
checking for cbrt... no
checking for acosh... no
checking for asinh... no
checking for atanh... no
checking for erf... no
checking for erfc... no
checking for trunc... no
checking for round... no
checking for copysign... yes
checking for getentropy... yes
checking for getrusage... yes
checking for times... yes
checking for secure_getenv... yes
checking for issetugid... no
configure: not using thread sanitizer
checking for socket... yes
checking for socketpair... yes
checking for bind... yes
checking for listen... yes
checking for accept... yes
checking for connect... yes
checking for socklen_t... yes
checking for inet_aton... yes
checking for struct sockaddr_in6... yes
checking for getaddrinfo... yes
checking for getnameinfo... yes
checking for inet_pton... yes
checking for inet_ntop... yes
checking for rewinddir... yes
checking for lockf... yes
checking for mkfifo... yes
checking for getcwd... yes
checking for system... yes
checking for sys/types.h... (cached) yes
checking for utime.h... yes
checking for utime... yes
checking for utimes... yes
checking for fchmod... yes
checking for fchown... yes
checking for truncate... yes
checking for ftruncate... yes
checking for select... yes
checking for fd_set... yes
checking for nanosleep... yes
checking for symlink... yes
checking for readlink... yes
checking for lstat... yes
checking for realpath... yes
checking for waitpid... yes
checking for wait4... yes
checking for getgroups... yes
checking for setgroups... yes
checking for initgroups... yes
checking for termios.h... yes
checking for tcgetattr... yes
checking for tcsetattr... yes
checking for tcsendbreak... yes
checking for tcflush... yes
checking for tcflow... yes
checking for setitimer... yes
checking for gethostname... yes
checking for sys/utsname.h... yes
checking for uname... yes
checking for gettimeofday... yes
checking for mktime... yes
checking for setsid... yes
checking for putenv... yes
checking for setenv... yes
checking for unsetenv... yes
checking for locale.h... yes
checking for newlocale... yes
checking for freelocale... yes
checking for uselocale... yes
checking for xlocale.h... no
checking for strtod_l... yes
checking for dlopen... yes
configure: Dynamic loading of shared libraries is supported.
checking for sys/mman.h... (cached) yes
checking for mmap... yes
checking for munmap... yes
checking for pwrite... yes
checking whether the C compiler accepts -fdebug-prefix-map=old=new... no
checking for struct stat.st_atim.tv_nsec... yes
checking for struct stat.st_atimespec.tv_nsec... no
checking for struct stat.st_atimensec... no
configure: stat supports nanosecond precision
checking how many arguments gethostbyname_r() takes... six
checking how many arguments gethostbyaddr_r() takes... eight
checking for mkstemp... yes
checking for nice... yes
checking for dup3... yes
checking for pipe2... yes
checking for accept4... yes
checking for getauxval... yes
checking for sys/shm.h... yes
checking for shmat... yes
checking for execvpe... yes
checking for spawn.h... yes
checking for posix_spawn... yes
checking for posix_spawnp... yes
checking for x86_64-linux-gnu-pkg-config... no
checking for pkg-config... /opt/homebrew/bin/pkg-config
checking for clang --target=x86_64-linux-gnu -fuse-ld=lld --sysroot=/Users/ostera/Developer/github.com/riot-ml/riot/ocaml/cross-compiler/x86_64-linux-gnu/sysroot options needed to detect all undeclared functions... none needed
checking whether programs can be linked with zstd... no
configure: WARNING: zstd found, but programs cannot be linked with it.
configure: WARNING: compressed compilation artefacts not supported
configure: ocamldebug disabled
checking whether clang --target=x86_64-linux-gnu -fuse-ld=lld --sysroot=/Users/ostera/Developer/github.com/riot-ml/riot/ocaml/cross-compiler/x86_64-linux-gnu/sysroot is Clang... yes
checking whether pthreads work with "-pthread" and "-lpthread"... yes
checking whether Clang needs flag to prevent "argument unused" warning when linking with -pthread... -Qunused-arguments
checking for joinable pthread attribute... PTHREAD_CREATE_JOINABLE
checking whether more special flags are required for pthreads... no
checking for PTHREAD_PRIO_INHERIT... yes
checking for sigwait... yes
checking arguments for pthread_getaffinity_np... GNU
configure: the threads library is supported
checking whether the assembler supports --debug-prefix-map... no
checking whether the assembler supports CFI directives... yes
configure: not using frame pointers
checking whether mmap supports huge pages... no assumed
checking whether mmap supports MAP_STACK... no assumed
configure: creating ./config.status
config.status: creating Makefile.build_config
config.status: creating Makefile.config
config.status: creating stdlib/sys.ml
config.status: creating manual/src/version.tex
config.status: creating manual/src/html_processing/src/common.ml
config.status: creating ocamltest/ocamltest_config.ml
config.status: creating otherlibs/dynlink/dynlink_config.ml
config.status: creating utils/config.common.ml
config.status: creating utils/config.generated.ml
config.status: creating compilerlibs/META
config.status: creating otherlibs/dynlink/META
config.status: creating otherlibs/runtime_events/META
config.status: creating stdlib/META
config.status: creating otherlibs/unix/META
config.status: creating otherlibs/str/META
config.status: creating otherlibs/systhreads/META
config.status: creating runtime/caml/exec.h
config.status: creating runtime/caml/m.h
config.status: creating runtime/caml/s.h
config.status: creating runtime/caml/version.h
config.status: linking file_formats/cmo_format.mli to otherlibs/dynlink/dynlink_cmo_format.mli
config.status: linking file_formats/cmxs_format.mli to otherlibs/dynlink/dynlink_cmxs_format.mli
config.status: linking otherlibs/dynlink/dynlink_platform_intf.ml to otherlibs/dynlink/dynlink_platform_intf.mli
config.status: linking otherlibs/unix/unix_unix.ml to otherlibs/unix/unix.ml
config.status: executing libtool commands
config.status: executing shebang commands
